<?xml version="1.0" encoding="UTF-8"?>
<!-- Generated by org.testng.reporters.JUnitReportReporter -->
<testsuite hostname="DESKTOP-VE62NKE" name="Academy.Node1" tests="1" failures="0" timestamp="7 Nov 2020 09:09:54 GMT" time="14.697" errors="0">
  <testcase name="f" time="14.697" classname="Academy.Node1"/>
</testsuite> <!-- Academy.Node1 -->
